Watching for file changes with StatReloader
Not Found: /datafdgh/
Watching for file changes with StatReloader
Not Found: /
Starting new HTTPS connection (1): turonbank.uz:443
https://turonbank.uz:443 "GET /oz/ HTTP/1.1" 200 34650
Starting new HTTPS connection (1): www.infinbank.com:443
https://www.infinbank.com:443 "GET /uz/private/exchange-rates/ HTTP/1.1" 200 None
Starting new HTTPS connection (1): agrobank.uz:443
https://agrobank.uz:443 "GET /api/v1/?action=pages&code=uz%2Fperson%2Fexchange_rates HTTP/1.1" 200 2829
Starting new HTTPS connection (1): hamkorbank.uz:443
https://hamkorbank.uz:443 "GET /uz/exchange-rate/ HTTP/1.1" 200 None
Starting new HTTPS connection (1): ipakyulibank.uz:8888
https://ipakyulibank.uz:8888 "POST /webapi/default/get-other-contents HTTP/1.1" 200 None
Starting new HTTPS connection (1): mkbank.uz:443
https://mkbank.uz:443 "GET /uz/index.php HTTP/1.1" 200 37106
Starting new HTTPS connection (1): sqb.uz:443
https://sqb.uz:443 "GET /api/site-kurs-api/ HTTP/1.1" 200 887
Starting new HTTPS connection (1): ofb.uz:443
https://ofb.uz:443 "GET /uz/ HTTP/1.1" 200 None
Starting new HTTPS connection (1): trustbank.uz:443
https://trustbank.uz:443 "GET /uz/ HTTP/1.1" 200 None
Starting new HTTPS connection (1): www.ziraatbank.uz:443
D:\Projects\Python\RProj\news\bank\banks\master.py changed, reloading.
Watching for file changes with StatReloader
Starting new HTTPS connection (1): turonbank.uz:443
https://turonbank.uz:443 "GET /oz/ HTTP/1.1" 200 34653
Starting new HTTPS connection (1): www.infinbank.com:443
https://www.infinbank.com:443 "GET /uz/private/exchange-rates/ HTTP/1.1" 200 None
Starting new HTTPS connection (1): agrobank.uz:443
https://agrobank.uz:443 "GET /api/v1/?action=pages&code=uz%2Fperson%2Fexchange_rates HTTP/1.1" 200 2829
Starting new HTTPS connection (1): hamkorbank.uz:443
https://hamkorbank.uz:443 "GET /uz/exchange-rate/ HTTP/1.1" 200 None
Starting new HTTPS connection (1): ipakyulibank.uz:8888
https://ipakyulibank.uz:8888 "POST /webapi/default/get-other-contents HTTP/1.1" 200 None
Starting new HTTPS connection (1): mkbank.uz:443
https://mkbank.uz:443 "GET /uz/index.php HTTP/1.1" 200 37106
Starting new HTTPS connection (1): sqb.uz:443
https://sqb.uz:443 "GET /api/site-kurs-api/ HTTP/1.1" 200 887
Starting new HTTPS connection (1): ofb.uz:443
https://ofb.uz:443 "GET /uz/ HTTP/1.1" 200 None
Starting new HTTPS connection (1): trustbank.uz:443
https://trustbank.uz:443 "GET /uz/ HTTP/1.1" 200 None
Starting new HTTPS connection (1): www.ziraatbank.uz:443
https://www.ziraatbank.uz:443 "GET /tr/GetCurrency HTTP/1.1" 200 None
Starting new HTTPS connection (1): www.kapitalbank.uz:443
https://www.kapitalbank.uz:443 "GET /uz/welcome.php HTTP/1.1" 200 None
Starting new HTTPS connection (1): universalbank.uz:443
https://universalbank.uz:443 "GET /private HTTP/1.1" 200 63369
Starting new HTTPS connection (1): back.asakabank.uz:443
https://back.asakabank.uz:443 "GET /1/currency/?type=asaka&currency_type=individual&page_size=1 HTTP/1.1" 200 351
Starting new HTTPS connection (1): www.ipotekabank.uz:443
https://www.ipotekabank.uz:443 "POST /uz/ajax-handler.converter.php HTTP/1.1" 200 None
Starting new HTTPS connection (1): garantbank.uz:443
https://garantbank.uz:443 "GET /ru/exchange-rates/ HTTP/1.1" 301 325
Starting new HTTP connection (1): garantbank.uz:80
http://garantbank.uz:80 "GET /ru/exchange-rates HTTP/1.1" 301 169
https://garantbank.uz:443 "GET /ru/exchange-rates HTTP/1.1" 200 46419
Starting new HTTPS connection (1): aab.uz:443
https://aab.uz:443 "GET /uz/ HTTP/1.1" 200 39564
Starting new HTTPS connection (1): aloqabank.uz:443
https://aloqabank.uz:443 "GET /uz/index.php HTTP/1.1" 200 40628
Starting new HTTPS connection (1): xb.uz:443
https://xb.uz:443 "GET /api/v1/external/client/default?_f=json HTTP/1.1" 200 None
Starting new HTTPS connection (1): manage.qishloqqurilishbank.uz:443
https://manage.qishloqqurilishbank.uz:443 "GET /api/currency-rates/last HTTP/1.1" 200 None
Starting new HTTPS connection (1): madadinvestbank.uz:443
https://madadinvestbank.uz:443 "GET /currency HTTP/1.1" 200 None
Starting new HTTPS connection (1): nbu.uz:443
https://nbu.uz:443 "GET /uz/exchange-rates/json/ HTTP/1.1" 200 None
D:\Projects\Python\RProj\news\bank\banks\infinbank.py changed, reloading.
Watching for file changes with StatReloader
Starting new HTTPS connection (1): turonbank.uz:443
https://turonbank.uz:443 "GET /oz/ HTTP/1.1" 200 34653
Starting new HTTPS connection (1): www.infinbank.com:443
https://www.infinbank.com:443 "GET /uz/private/exchange-rates/ HTTP/1.1" 200 None
Starting new HTTPS connection (1): agrobank.uz:443
https://agrobank.uz:443 "GET /api/v1/?action=pages&code=uz%2Fperson%2Fexchange_rates HTTP/1.1" 200 2829
Starting new HTTPS connection (1): hamkorbank.uz:443
https://hamkorbank.uz:443 "GET /uz/exchange-rate/ HTTP/1.1" 200 None
Starting new HTTPS connection (1): ipakyulibank.uz:8888
https://ipakyulibank.uz:8888 "POST /webapi/default/get-other-contents HTTP/1.1" 200 None
Starting new HTTPS connection (1): mkbank.uz:443
https://mkbank.uz:443 "GET /uz/index.php HTTP/1.1" 200 37107
Starting new HTTPS connection (1): sqb.uz:443
https://sqb.uz:443 "GET /api/site-kurs-api/ HTTP/1.1" 200 887
Starting new HTTPS connection (1): ofb.uz:443
https://ofb.uz:443 "GET /uz/ HTTP/1.1" 200 None
Starting new HTTPS connection (1): trustbank.uz:443
https://trustbank.uz:443 "GET /uz/ HTTP/1.1" 200 None
Starting new HTTPS connection (1): www.ziraatbank.uz:443
https://www.ziraatbank.uz:443 "GET /tr/GetCurrency HTTP/1.1" 200 None
Starting new HTTPS connection (1): www.kapitalbank.uz:443
https://www.kapitalbank.uz:443 "GET /uz/welcome.php HTTP/1.1" 200 None
Starting new HTTPS connection (1): universalbank.uz:443
https://universalbank.uz:443 "GET /private HTTP/1.1" 200 63369
Starting new HTTPS connection (1): back.asakabank.uz:443
https://back.asakabank.uz:443 "GET /1/currency/?type=asaka&currency_type=individual&page_size=1 HTTP/1.1" 200 351
Starting new HTTPS connection (1): www.ipotekabank.uz:443
https://www.ipotekabank.uz:443 "POST /uz/ajax-handler.converter.php HTTP/1.1" 200 None
Starting new HTTPS connection (1): garantbank.uz:443
https://garantbank.uz:443 "GET /ru/exchange-rates/ HTTP/1.1" 301 325
Starting new HTTP connection (1): garantbank.uz:80
http://garantbank.uz:80 "GET /ru/exchange-rates HTTP/1.1" 301 169
https://garantbank.uz:443 "GET /ru/exchange-rates HTTP/1.1" 200 46419
Starting new HTTPS connection (1): aab.uz:443
https://aab.uz:443 "GET /uz/ HTTP/1.1" 200 39564
Starting new HTTPS connection (1): aloqabank.uz:443
https://aloqabank.uz:443 "GET /uz/index.php HTTP/1.1" 200 40625
Starting new HTTPS connection (1): xb.uz:443
https://xb.uz:443 "GET /api/v1/external/client/default?_f=json HTTP/1.1" 200 None
Starting new HTTPS connection (1): manage.qishloqqurilishbank.uz:443
https://manage.qishloqqurilishbank.uz:443 "GET /api/currency-rates/last HTTP/1.1" 200 None
Starting new HTTPS connection (1): madadinvestbank.uz:443
https://madadinvestbank.uz:443 "GET /currency HTTP/1.1" 200 None
Starting new HTTPS connection (1): nbu.uz:443
https://nbu.uz:443 "GET /uz/exchange-rates/json/ HTTP/1.1" 200 None
D:\Projects\Python\RProj\news\bank\banks\master.py changed, reloading.
Watching for file changes with StatReloader
D:\Projects\Python\RProj\news\bank\banks\master.py changed, reloading.
Watching for file changes with StatReloader
Starting new HTTPS connection (1): turonbank.uz:443
https://turonbank.uz:443 "GET /oz/ HTTP/1.1" 200 34650
Starting new HTTPS connection (1): www.infinbank.com:443
https://www.infinbank.com:443 "GET /uz/private/exchange-rates/ HTTP/1.1" 200 None
Starting new HTTPS connection (1): agrobank.uz:443
https://agrobank.uz:443 "GET /api/v1/?action=pages&code=uz%2Fperson%2Fexchange_rates HTTP/1.1" 200 2829
Starting new HTTPS connection (1): hamkorbank.uz:443
https://hamkorbank.uz:443 "GET /uz/exchange-rate/ HTTP/1.1" 200 None
Starting new HTTPS connection (1): ipakyulibank.uz:8888
https://ipakyulibank.uz:8888 "POST /webapi/default/get-other-contents HTTP/1.1" 200 None
Starting new HTTPS connection (1): mkbank.uz:443
https://mkbank.uz:443 "GET /uz/index.php HTTP/1.1" 200 37109
Starting new HTTPS connection (1): sqb.uz:443
https://sqb.uz:443 "GET /api/site-kurs-api/ HTTP/1.1" 200 887
Starting new HTTPS connection (1): ofb.uz:443
https://ofb.uz:443 "GET /uz/ HTTP/1.1" 200 None
Starting new HTTPS connection (1): trustbank.uz:443
https://trustbank.uz:443 "GET /uz/ HTTP/1.1" 200 None
Starting new HTTPS connection (1): www.ziraatbank.uz:443
https://www.ziraatbank.uz:443 "GET /tr/GetCurrency HTTP/1.1" 200 None
Starting new HTTPS connection (1): www.kapitalbank.uz:443
https://www.kapitalbank.uz:443 "GET /uz/welcome.php HTTP/1.1" 200 None
Starting new HTTPS connection (1): universalbank.uz:443
https://universalbank.uz:443 "GET /private HTTP/1.1" 200 63369
Starting new HTTPS connection (1): back.asakabank.uz:443
https://back.asakabank.uz:443 "GET /1/currency/?type=asaka&currency_type=individual&page_size=1 HTTP/1.1" 200 351
Starting new HTTPS connection (1): www.ipotekabank.uz:443
https://www.ipotekabank.uz:443 "POST /uz/ajax-handler.converter.php HTTP/1.1" 200 None
Starting new HTTPS connection (1): garantbank.uz:443
https://garantbank.uz:443 "GET /ru/exchange-rates/ HTTP/1.1" 301 325
Starting new HTTP connection (1): garantbank.uz:80
http://garantbank.uz:80 "GET /ru/exchange-rates HTTP/1.1" 301 169
https://garantbank.uz:443 "GET /ru/exchange-rates HTTP/1.1" 200 46419
Starting new HTTPS connection (1): aab.uz:443
https://aab.uz:443 "GET /uz/ HTTP/1.1" 200 39563
Starting new HTTPS connection (1): aloqabank.uz:443
https://aloqabank.uz:443 "GET /uz/index.php HTTP/1.1" 200 40625
Starting new HTTPS connection (1): xb.uz:443
https://xb.uz:443 "GET /api/v1/external/client/default?_f=json HTTP/1.1" 200 None
Starting new HTTPS connection (1): manage.qishloqqurilishbank.uz:443
https://manage.qishloqqurilishbank.uz:443 "GET /api/currency-rates/last HTTP/1.1" 200 None
Starting new HTTPS connection (1): madadinvestbank.uz:443
https://madadinvestbank.uz:443 "GET /currency HTTP/1.1" 200 None
Starting new HTTPS connection (1): nbu.uz:443
https://nbu.uz:443 "GET /uz/exchange-rates/json/ HTTP/1.1" 200 None
D:\Projects\Python\RProj\news\bank\banks\master.py changed, reloading.
Watching for file changes with StatReloader
Starting new HTTPS connection (1): turonbank.uz:443
https://turonbank.uz:443 "GET /oz/ HTTP/1.1" 200 34650
Starting new HTTPS connection (1): www.infinbank.com:443
https://www.infinbank.com:443 "GET /uz/private/exchange-rates/ HTTP/1.1" 200 None
Starting new HTTPS connection (1): agrobank.uz:443
https://agrobank.uz:443 "GET /api/v1/?action=pages&code=uz%2Fperson%2Fexchange_rates HTTP/1.1" 200 2829
Starting new HTTPS connection (1): hamkorbank.uz:443
https://hamkorbank.uz:443 "GET /uz/exchange-rate/ HTTP/1.1" 200 None
Starting new HTTPS connection (1): ipakyulibank.uz:8888
https://ipakyulibank.uz:8888 "POST /webapi/default/get-other-contents HTTP/1.1" 200 None
Starting new HTTPS connection (1): mkbank.uz:443
https://mkbank.uz:443 "GET /uz/index.php HTTP/1.1" 200 37109
Starting new HTTPS connection (1): sqb.uz:443
https://sqb.uz:443 "GET /api/site-kurs-api/ HTTP/1.1" 200 887
Starting new HTTPS connection (1): ofb.uz:443
https://ofb.uz:443 "GET /uz/ HTTP/1.1" 200 None
Starting new HTTPS connection (1): trustbank.uz:443
https://trustbank.uz:443 "GET /uz/ HTTP/1.1" 200 None
Starting new HTTPS connection (1): www.ziraatbank.uz:443
https://www.ziraatbank.uz:443 "GET /tr/GetCurrency HTTP/1.1" 200 None
Starting new HTTPS connection (1): www.kapitalbank.uz:443
https://www.kapitalbank.uz:443 "GET /uz/welcome.php HTTP/1.1" 200 None
Starting new HTTPS connection (1): universalbank.uz:443
https://universalbank.uz:443 "GET /private HTTP/1.1" 200 63369
Starting new HTTPS connection (1): back.asakabank.uz:443
https://back.asakabank.uz:443 "GET /1/currency/?type=asaka&currency_type=individual&page_size=1 HTTP/1.1" 200 351
Starting new HTTPS connection (1): www.ipotekabank.uz:443
https://www.ipotekabank.uz:443 "POST /uz/ajax-handler.converter.php HTTP/1.1" 200 None
Starting new HTTPS connection (1): garantbank.uz:443
https://garantbank.uz:443 "GET /ru/exchange-rates/ HTTP/1.1" 301 325
Starting new HTTP connection (1): garantbank.uz:80
http://garantbank.uz:80 "GET /ru/exchange-rates HTTP/1.1" 301 169
https://garantbank.uz:443 "GET /ru/exchange-rates HTTP/1.1" 200 46419
Starting new HTTPS connection (1): aab.uz:443
https://aab.uz:443 "GET /uz/ HTTP/1.1" 200 39564
Starting new HTTPS connection (1): aloqabank.uz:443
https://aloqabank.uz:443 "GET /uz/index.php HTTP/1.1" 200 40628
Starting new HTTPS connection (1): xb.uz:443
https://xb.uz:443 "GET /api/v1/external/client/default?_f=json HTTP/1.1" 200 None
Starting new HTTPS connection (1): manage.qishloqqurilishbank.uz:443
https://manage.qishloqqurilishbank.uz:443 "GET /api/currency-rates/last HTTP/1.1" 200 None
Starting new HTTPS connection (1): madadinvestbank.uz:443
https://madadinvestbank.uz:443 "GET /currency HTTP/1.1" 200 None
Starting new HTTPS connection (1): nbu.uz:443
https://nbu.uz:443 "GET /uz/exchange-rates/json/ HTTP/1.1" 200 None
Watching for file changes with StatReloader
Starting new HTTPS connection (1): turonbank.uz:443
https://turonbank.uz:443 "GET /oz/ HTTP/1.1" 200 34648
Starting new HTTPS connection (1): www.infinbank.com:443
https://www.infinbank.com:443 "GET /uz/private/exchange-rates/ HTTP/1.1" 200 None
Starting new HTTPS connection (1): agrobank.uz:443
https://agrobank.uz:443 "GET /api/v1/?action=pages&code=uz%2Fperson%2Fexchange_rates HTTP/1.1" 200 2829
Starting new HTTPS connection (1): hamkorbank.uz:443
https://hamkorbank.uz:443 "GET /uz/exchange-rate/ HTTP/1.1" 200 None
Starting new HTTPS connection (1): ipakyulibank.uz:8888
https://ipakyulibank.uz:8888 "POST /webapi/default/get-other-contents HTTP/1.1" 200 None
Starting new HTTPS connection (1): mkbank.uz:443
https://mkbank.uz:443 "GET /uz/index.php HTTP/1.1" 200 37117
Starting new HTTPS connection (1): sqb.uz:443
https://sqb.uz:443 "GET /api/site-kurs-api/ HTTP/1.1" 200 887
Starting new HTTPS connection (1): ofb.uz:443
https://ofb.uz:443 "GET /uz/ HTTP/1.1" 200 None
Starting new HTTPS connection (1): trustbank.uz:443
https://trustbank.uz:443 "GET /uz/ HTTP/1.1" 200 None
Starting new HTTPS connection (1): www.ziraatbank.uz:443
https://www.ziraatbank.uz:443 "GET /tr/GetCurrency HTTP/1.1" 200 None
Starting new HTTPS connection (1): www.kapitalbank.uz:443
https://www.kapitalbank.uz:443 "GET /uz/welcome.php HTTP/1.1" 200 None
Starting new HTTPS connection (1): universalbank.uz:443
https://universalbank.uz:443 "GET /private HTTP/1.1" 200 63369
Starting new HTTPS connection (1): back.asakabank.uz:443
https://back.asakabank.uz:443 "GET /1/currency/?type=asaka&currency_type=individual&page_size=1 HTTP/1.1" 200 351
Starting new HTTPS connection (1): www.ipotekabank.uz:443
https://www.ipotekabank.uz:443 "POST /uz/ajax-handler.converter.php HTTP/1.1" 200 None
Starting new HTTPS connection (1): garantbank.uz:443
https://garantbank.uz:443 "GET /ru/exchange-rates/ HTTP/1.1" 301 325
Starting new HTTP connection (1): garantbank.uz:80
http://garantbank.uz:80 "GET /ru/exchange-rates HTTP/1.1" 301 169
https://garantbank.uz:443 "GET /ru/exchange-rates HTTP/1.1" 200 46419
Starting new HTTPS connection (1): aab.uz:443
https://aab.uz:443 "GET /uz/ HTTP/1.1" 200 39563
Starting new HTTPS connection (1): aloqabank.uz:443
https://aloqabank.uz:443 "GET /uz/index.php HTTP/1.1" 200 41385
Starting new HTTPS connection (1): xb.uz:443
https://xb.uz:443 "GET /api/v1/external/client/default?_f=json HTTP/1.1" 200 None
Starting new HTTPS connection (1): manage.qishloqqurilishbank.uz:443
https://manage.qishloqqurilishbank.uz:443 "GET /api/currency-rates/last HTTP/1.1" 200 None
Starting new HTTPS connection (1): madadinvestbank.uz:443
https://madadinvestbank.uz:443 "GET /currency HTTP/1.1" 200 None
Starting new HTTPS connection (1): nbu.uz:443
https://nbu.uz:443 "GET /uz/exchange-rates/json/ HTTP/1.1" 200 None
D:\Projects\Python\RProj\news\bank\banks\master.py changed, reloading.
Watching for file changes with StatReloader
